2022-05-02 14:08:27 INFO  TFTPServer:274 - Starting TFTP Server on port 69.  Read directory: /tmp Write directory: /tmp Server Mode is GET_AND_PUT
2022-05-02 14:08:27 INFO  TFTPServer:785 - Fully multi-threaded TFTP Server running, folder = /tmp
2022-05-02 14:15:52 INFO  TFTPServer:274 - Starting TFTP Server on port 69.  
Read directory: /tmp 
Write directory: /tmp 
Server Mode is GET_AND_PUT
2022-05-02 14:15:52 INFO  TFTPServer:788 - Fully multi-threaded TFTP Server running, folder = /tmp
2022-05-02 14:16:18 INFO  TFTPServer:274 - Starting TFTP Server on port 69.  
Read directory: /tmp 
Write directory: /tmp 
Server Mode is GET_AND_PUT
2022-05-02 14:16:18 INFO  TFTPServer:788 - Fully multi-threaded TFTP Server running, folder = /tmp
2022-05-02 14:18:36 INFO  TFTPServer:274 - Starting TFTP Server on port 69.  
Read directory: /tmp 
Write directory: /tmp 
Server Mode is GET_AND_PUT
2022-05-02 14:18:36 INFO  TFTPServer:785 - Fully multi-threaded TFTP Server running, folder = /tmp
2022-05-02 14:21:24 INFO  TFTPServer:274 - Starting TFTP Server on port 69.  
Read directory: /tmp 
Write directory: /tmp 
Server Mode is GET_AND_PUT
2022-05-02 14:21:25 INFO  TFTPServer:785 - Fully multi-threaded TFTP Server running, folder = /tmp
2022-05-02 14:22:09 INFO  TFTPServer:274 - Starting TFTP Server on port 69.  
Read directory: /tmp 
Write directory: /tmp 
Server Mode is GET_AND_PUT
2022-05-02 14:22:09 INFO  TFTPServer:785 - Fully multi-threaded TFTP Server running, folder = /tmp
2022-05-02 14:22:42 INFO  TFTPServer:274 - Starting TFTP Server on port 69.  
Read directory: /tmp 
Write directory: /tmp 
Server Mode is GET_AND_PUT
2022-05-02 14:22:42 INFO  TFTPServer:785 - Fully multi-threaded TFTP Server running, folder = /tmp
2022-05-02 14:23:49 INFO  TFTPServer:274 - Starting TFTP Server on port 69.  
Read directory: /tmp 
Write directory: /tmp 
Server Mode is GET_AND_PUT
2022-05-02 14:23:49 INFO  TFTPServer:785 - Fully multi-threaded TFTP Server running, folder = /tmp
2022-05-02 14:24:04 INFO  TFTPServer:274 - Starting TFTP Server on port 69.  
Read directory: /tmp 
Write directory: /tmp 
Server Mode is GET_AND_PUT
2022-05-02 14:24:04 INFO  TFTPServer:785 - Fully multi-threaded TFTP Server running, folder = /tmp
2022-05-02 14:33:01 INFO  TFTPServer:274 - Starting TFTP Server on port 69.  
Read directory: /tmp 
Write directory: /tmp 
Server Mode is GET_AND_PUT
2022-05-02 14:33:01 INFO  TFTPServer:785 - Fully multi-threaded TFTP Server running, folder = /tmp
2022-05-02 14:33:10 INFO  TFTPServer:274 - Starting TFTP Server on port 69.  
Read directory: /tmp 
Write directory: /tmp 
Server Mode is GET_AND_PUT
2022-05-02 14:33:10 INFO  TFTPServer:785 - Fully multi-threaded TFTP Server running, folder = /tmp
2022-05-02 14:36:38 INFO  TFTPServer:274 - Starting TFTP Server on port 69.  
Read directory: /tmp 
Write directory: /tmp 
Server Mode is GET_AND_PUT
2022-05-02 14:36:38 INFO  TFTPServer:785 - Fully multi-threaded TFTP Server running, folder = /tmp
2022-05-02 14:38:34 INFO  TFTPServer:274 - Starting TFTP Server on port 69.  
Read directory: /tmp 
Write directory: /tmp 
Server Mode is GET_AND_PUT
2022-05-02 14:38:34 INFO  TFTPServer:785 - Fully multi-threaded TFTP Server running, folder = /tmp
2022-05-02 14:39:33 INFO  TFTPServer:274 - Starting TFTP Server on port 69.  
Read directory: /tmp 
Write directory: /tmp 
Server Mode is GET_AND_PUT
2022-05-02 14:39:33 INFO  TFTPServer:785 - Fully multi-threaded TFTP Server running, folder = /tmp
2022-05-02 14:40:42 INFO  TFTPServer:274 - Starting TFTP Server on port 69.  
Read directory: /tmp 
Write directory: /tmp 
Server Mode is GET_AND_PUT
2022-05-02 14:40:42 INFO  TFTPServer:785 - Fully multi-threaded TFTP Server running, folder = /tmp
2022-05-02 14:42:19 INFO  TFTPServer:274 - Starting TFTP Server on port 69.  
Read directory: /tmp 
Write directory: /tmp 
Server Mode is GET_AND_PUT
2022-05-02 14:42:19 INFO  TFTPServer:785 - Fully multi-threaded TFTP Server running, folder = /tmp
2022-05-02 14:42:29 INFO  TFTPServer:274 - Starting TFTP Server on port 69.  
Read directory: /tmp 
Write directory: /tmp 
Server Mode is GET_AND_PUT
2022-05-02 14:42:29 INFO  TFTPServer:785 - Fully multi-threaded TFTP Server running, folder = /tmp
2022-05-02 14:42:35 INFO  TFTPServer:274 - Starting TFTP Server on port 69.  
Read directory: /tmp 
Write directory: /tmp 
Server Mode is GET_AND_PUT
2022-05-02 14:42:35 INFO  TFTPServer:785 - Fully multi-threaded TFTP Server running, folder = /tmp
2022-05-02 14:43:18 INFO  TFTPServer:274 - Starting TFTP Server on port 69.  
Read directory: /tmp 
Write directory: /tmp 
Server Mode is GET_AND_PUT
2022-05-02 14:43:18 INFO  TFTPServer:785 - Fully multi-threaded TFTP Server running, folder = /tmp
2022-05-02 14:43:26 INFO  TFTPServer:274 - Starting TFTP Server on port 69.  
Read directory: /tmp 
Write directory: /tmp 
Server Mode is GET_AND_PUT
2022-05-02 14:43:26 INFO  TFTPServer:785 - Fully multi-threaded TFTP Server running, folder = /tmp
2022-05-02 14:45:49 INFO  TFTPServer:274 - Starting TFTP Server on port 69.  
Read directory: /tmp 
Write directory: /tmp 
Server Mode is GET_AND_PUT
2022-05-02 14:45:49 INFO  TFTPServer:785 - Fully multi-threaded TFTP Server running, folder = /tmp
2022-05-02 14:45:58 INFO  TFTPServer:274 - Starting TFTP Server on port 69.  
Read directory: /tmp 
Write directory: /tmp 
Server Mode is GET_AND_PUT
2022-05-02 14:45:58 INFO  TFTPServer:785 - Fully multi-threaded TFTP Server running, folder = /tmp
2022-05-02 14:46:01 INFO  TFTPServer:274 - Starting TFTP Server on port 69.  
Read directory: /tmp 
Write directory: /tmp 
Server Mode is GET_AND_PUT
2022-05-02 14:46:01 INFO  TFTPServer:785 - Fully multi-threaded TFTP Server running, folder = /tmp
2022-05-02 14:46:36 INFO  TFTPServer:274 - Starting TFTP Server on port 69.  
Read directory: /tmp 
Write directory: /tmp 
Server Mode is GET_AND_PUT
2022-05-02 14:46:36 INFO  TFTPServer:785 - Fully multi-threaded TFTP Server running, folder = /tmp
2022-05-02 14:47:54 INFO  TFTPServer:274 - Starting TFTP Server on port 69.  
Read directory: /tmp 
Write directory: /tmp 
Server Mode is GET_AND_PUT
2022-05-02 14:47:54 INFO  TFTPServer:785 - Fully multi-threaded TFTP Server running, folder = /tmp
2022-05-02 14:52:10 INFO  TFTPServer:274 - Starting TFTP Server on port 69.  
Read directory: /tmp 
Write directory: /tmp 
Server Mode is GET_AND_PUT
2022-05-02 14:52:10 INFO  TFTPServer:785 - Fully multi-threaded TFTP Server running, folder = /tmp
2022-05-02 14:52:20 INFO  TFTPServer:274 - Starting TFTP Server on port 69.  
Read directory: /tmp 
Write directory: /tmp 
Server Mode is GET_AND_PUT
2022-05-02 14:52:20 INFO  TFTPServer:785 - Fully multi-threaded TFTP Server running, folder = /tmp
2022-05-02 14:52:51 INFO  TFTPServer:274 - Starting TFTP Server on port 69.  
Read directory: /job 
Write directory: /job 
Server Mode is GET_AND_PUT
2022-05-02 14:52:51 INFO  TFTPServer:785 - Fully multi-threaded TFTP Server running, folder = /job
